---
title: PostgreSQL 配置优化
description: 了解如何通过优化PostgreSQL的配置来提升数据库性能，适合初学者学习。
---

# PostgreSQL 配置优化

PostgreSQL是一个功能强大的开源关系型数据库管理系统，广泛应用于各种规模的项目中。然而，随着数据量的增长和查询复杂度的增加，数据库性能可能会受到影响。通过优化PostgreSQL的配置，可以显著提升数据库的性能和响应速度。本文将介绍一些关键的配置参数，并展示如何调整这些参数以优化数据库性能。

## 1. 介绍

PostgreSQL的配置参数存储在`postgresql.conf`文件中，这些参数控制着数据库的行为和性能。通过调整这些参数，可以优化数据库的内存使用、查询执行计划、并发连接等。对于初学者来说，理解这些参数的作用并学会如何调整它们是提升数据库性能的关键。

## 2. 关键配置参数

### 2.1 `shared_buffers`

`shared_buffers`参数控制PostgreSQL用于缓存数据的内存大小。默认值通常较小，对于大型数据库来说，增加这个值可以显著提升性能。

```sql
shared_buffers = '1GB'
```

:::tip
对于大多数生产环境，建议将`shared_buffers`设置为系统内存的25%左右。
:::

### 2.2 `work_mem`

`work_mem`参数控制每个查询操作（如排序、哈希表等）可以使用的内存量。增加这个值可以加速复杂查询的执行。

```sql
work_mem = '64MB'
```

:::caution
设置过高的`work_mem`可能会导致内存耗尽，特别是在并发查询较多的情况下。
:::

### 2.3 `maintenance_work_mem`

`maintenance_work_mem`参数用于控制维护操作（如VACUUM、CREATE INDEX等）可以使用的内存量。

```sql
maintenance_work_mem = '256MB'
```

### 2.4 `effective_cache_size`

`effective_cache_size`参数用于告诉PostgreSQL操作系统缓存的大小。这个值通常设置为系统内存的50%-75%。

```sql
effective_cache_size = '2GB'
```

## 3. 实际案例

假设我们有一个包含数百万条记录的表，并且经常需要执行复杂的查询。通过调整上述参数，我们可以显著提升查询性能。

### 3.1 调整前

```sql
EXPLAIN ANALYZE SELECT * FROM large_table WHERE column1 = 'value' ORDER BY column2;
```

**输出：**
```
Sort  (cost=1000000.00..1000000.01 rows=1 width=100) (actual time=1000.000..1000.001 rows=1 loops=1)
  Sort Key: column2
  Sort Method: quicksort  Memory: 25kB
  ->  Seq Scan on large_table  (cost=0.00..1000000.00 rows=1 width=100) (actual time=1000.000..1000.000 rows=1 loops=1)
        Filter: (column1 = 'value')
Planning Time: 0.100 ms
Execution Time: 1000.100 ms
```

### 3.2 调整后

```sql
SET work_mem = '256MB';
EXPLAIN ANALYZE SELECT * FROM large_table WHERE column1 = 'value' ORDER BY column2;
```

**输出：**
```
Sort  (cost=1000000.00..1000000.01 rows=1 width=100) (actual time=100.000..100.001 rows=1 loops=1)
  Sort Key: column2
  Sort Method: quicksort  Memory: 256MB
  ->  Seq Scan on large_table  (cost=0.00..1000000.00 rows=1 width=100) (actual time=100.000..100.000 rows=1 loops=1)
        Filter: (column1 = 'value')
Planning Time: 0.100 ms
Execution Time: 100.100 ms
```

:::note
通过增加`work_mem`，排序操作的内存增加，查询执行时间从1000ms减少到100ms。
:::

## 4. 总结

通过优化PostgreSQL的配置参数，可以显著提升数据库的性能。本文介绍了一些关键的配置参数，并通过实际案例展示了如何调整这些参数以优化查询性能。对于初学者来说，理解这些参数的作用并学会如何调整它们是提升数据库性能的关键。

## 5. 附加资源

- [PostgreSQL官方文档](https://www.postgresql.org/docs/)
- [PostgreSQL性能调优指南](https://www.postgresql.org/docs/current/performance-tips.html)
- [PostgreSQL配置参数详解](https://www.postgresql.org/docs/current/runtime-config.html)

## 6. 练习

1. 在你的本地PostgreSQL实例中，尝试调整`shared_buffers`和`work_mem`参数，并观察查询性能的变化。
2. 使用`EXPLAIN ANALYZE`命令分析查询执行计划，并记录调整前后的执行时间。
3. 阅读PostgreSQL官方文档，了解更多关于配置参数的信息。

:::warning
在调整配置参数时，请确保备份数据库，并在生产环境中谨慎操作。
:::